62393970108 4a482c2b1d51d9b3 32
62393995298 4a482c2b1d51d9b3 32
62394617575 27e5113d095ca429 32
62394642416 27e5113d095ca429 32
62395270287 8d229501aba45645 32
62395295723 8d229501aba45645 32
62395930680 e9a4efd83181126c 32
62395956450 e9a4efd83181126c 32
62396582892 5906beb76d07a464 32
62396608651 5906beb76d07a464 32
62397230334 4642a058c7d01419 32
62397256172 4642a058c7d01419 32
62397887078 9f062860cd962d0d 32
62397913305 9f062860cd962d0d 32
62398539130 8759aa4586585bbf 32
62398568008 8759aa4586585bbf 32
62399197528 bfd584a5b44efdc0 32
62399222225 bfd584a5b44efdc0 32
62399843925 ba3eb710b205da73 32
62399868255 ba3eb710b205da73 32
62479630804 939d7c235ed17589 32
62479659645 939d7c235ed17589 32
62480806500 02b97fbd54258363 32
62480832278 02b97fbd54258363 32
62481959294 c1d64df645abfb21 32
62481984465 c1d64df645abfb21 32
62483146730 e2faa35b31a8e5a9 32
62483178111 e2faa35b31a8e5a9 32
62484355065 3ca5f2187e5f6b26 32
62484378175 3ca5f2187e5f6b26 32
62485510290 9858054082e85ecf 32
62485535702 9858054082e85ecf 32
62486650143 1d6717e347090c9f 32
62486675253 1d6717e347090c9f 32
62487800799 2e670a7739dc08ee 32
62487829930 2e670a7739dc08ee 32
62489106192 f743a6f08b9e822b 32
62489134233 f743a6f08b9e822b 32
62490273916 5591f599ff19c051 32
62490299779 5591f599ff19c051 32
62551490993 053f011b6df1fe32 32
62551517692 053f011b6df1fe32 32
62554177154 e32668d9294e5dcb 32
62554211246 e32668d9294e5dcb 32
62556857635 a8924a1cbdb9f994 32
62556876693 a8924a1cbdb9f994 32
62559508529 798e02e60523aadb 32
62559533644 798e02e60523aadb 32
62562172403 e6d9ac77507806ee 32
62562198571 e6d9ac77507806ee 32
62564897760 1579b972aff31ddf 32
62564924977 1579b972aff31ddf 32
62567549106 78078588d9b2d802 32
62567577126 78078588d9b2d802 32
62570218072 0cf7c4c1acf289b7 32
62570245559 0cf7c4c1acf289b7 32
62572845455 e4283433b14e8ad1 32
62572865883 e4283433b14e8ad1 32
62575491225 e2cdabbd63d959f4 32
62575518241 e2cdabbd63d959f4 32
62930022848 df3a0796dc462b1b 32
62930051805 df3a0796dc462b1b 32
62932690241 4fe0d1ea3d133500 32
62932717720 4fe0d1ea3d133500 32
62935332218 967618aae9725c21 32
62935362553 967618aae9725c21 32
62938002985 39754ebea384e05c 32
62938029369 39754ebea384e05c 32
62940658876 20d090b3e397f5ba 32
62940712478 20d090b3e397f5ba 32
62943342711 3e95a9b9d53fc72b 32
62943373465 3e95a9b9d53fc72b 32
62945999320 707ccd44d0fcd5b7 32
62946035699 707ccd44d0fcd5b7 32
62948651507 c7d1dbdd7224af52 32
62948682187 c7d1dbdd7224af52 32
62951334242 bc7b572c1aba2cd1 32
62951361165 bc7b572c1aba2cd1 32
62954000710 521d28f1400a244c 32
62954027196 521d28f1400a244c 32
62956648130 f4e43b46e82bb458 32
62956688574 f4e43b46e82bb458 32
62959316750 b23f590d54d83cbd 32
62959340276 b23f590d54d83cbd 32
62961965972 4cbb5a92a35210d5 32
62962006354 4cbb5a92a35210d5 32
62964642330 c0e8a6e3933c3919 32
62964670367 c0e8a6e3933c3919 32
62967306371 f8e99fcf529d4872 32
62967346022 f8e99fcf529d4872 32
62969983504 c0b7261886d87ce6 32
62970015067 c0b7261886d87ce6 32
62972659797 14c3a989cb5225b9 32
62972700780 14c3a989cb5225b9 32
62975334969 77cb6112ee76b7a1 32
62975362697 77cb6112ee76b7a1 32
62978146825 16dfe9d6fad421cb 32
62978174796 16dfe9d6fad421cb 32
62980811918 c1ce442061908cf8 32
62980839126 c1ce442061908cf8 32
62983461433 8f4bf205679b4067 32
62983495678 8f4bf205679b4067 32
62986161520 0550058619f7045f 32
62986190550 0550058619f7045f 32
62988812506 9dae680a666e50a2 32
62988836925 9dae680a666e50a2 32
62991474571 de5f5b2b2e48e63a 32
62991501645 de5f5b2b2e48e63a 32
62994221985 3a5a8bd35a65625b 32
62994258189 3a5a8bd35a65625b 32
62996893590 6f2aa7f71f0fee90 32
62996919631 6f2aa7f71f0fee90 32
62999557026 d41241511087d9b7 32
62999594082 d41241511087d9b7 32
63002222036 7711742a9fe041dd 32
63002247131 7711742a9fe041dd 32
63004892250 d93ff3df0194460a 32
63004924283 d93ff3df0194460a 32
63007551052 10de522925d8ac2f 32
63007574620 10de522925d8ac2f 32
63010233198 94145b6c717d4822 32
63010260799 94145b6c717d4822 32
63012897954 8566f153f9a7fb4a 32
63012924393 8566f153f9a7fb4a 32
63015565075 ff0c2641184c8381 32
63015594285 ff0c2641184c8381 32
63018235497 33f9ed48720cbda2 32
63018261903 33f9ed48720cbda2 32
63020929047 4101fee66fa41dbe 32
63020960170 4101fee66fa41dbe 32
63023594683 43c728eee9f39e2c 32
63023612976 43c728eee9f39e2c 32
63026263326 29a813d6a197beaf 32
63026289516 29a813d6a197beaf 32
63028927200 47d80b0397874c32 32
63028956042 47d80b0397874c32 32
63031592844 4316324017fbb0e2 32
63031623700 4316324017fbb0e2 32
63034267541 07ce189e87ee9de8 32
63034302075 07ce189e87ee9de8 32
63034312207 07ce189e87ee9de8 32
63034313385 07ce189e87ee9de8 32
63036936138 5f0731272511dda5 32
63036962316 5f0731272511dda5 32
63039558985 45e8aac4fe8a4bbf 32
63039580616 45e8aac4fe8a4bbf 32
63042353770 23c4c9c713afeb46 32
63042380381 23c4c9c713afeb46 32
63045216473 8449d9e3c824bfc3 32
63045243914 8449d9e3c824bfc3 32
63047878990 b8c1798d314523e8 32
63047916616 b8c1798d314523e8 32
63050646859 9800c37a38439452 32
63050674025 9800c37a38439452 32
63053306865 849dbe6702338ec9 32
63053333553 849dbe6702338ec9 32
63056030260 e638770549697cf5 32
63056055375 e638770549697cf5 32
63058688959 56eda05c3a03434f 32
63058720729 56eda05c3a03434f 32
63061395181 e061679ce27fc9ff 32
63061421992 e061679ce27fc9ff 32
63064048013 0862151c1b921d82 32
63064076339 0862151c1b921d82 32
63066706893 855ebd9937c8842b 32
63066734008 855ebd9937c8842b 32
63069356777 8b3539e949ace8fa 32
63069379856 8b3539e949ace8fa 32
63072066926 6e2a41b4a7825949 32
63072093150 6e2a41b4a7825949 32
63074731231 2faad53194065fb8 32
63074762137 2faad53194065fb8 32
63077405714 c98b1da729b25bec 32
63077441517 c98b1da729b25bec 32
63080074072 7461fe5ace5a6214 32
63080109441 7461fe5ace5a6214 32
63082794439 3b21431265fe9d36 32
63082824533 3b21431265fe9d36 32
63085495257 31f787dec88799e7 32
63085519250 31f787dec88799e7 32
63088241740 88cafbd722fd0dec 32
63088264705 88cafbd722fd0dec 32
63090898393 cbb90d39ed824ae4 32
63090928172 cbb90d39ed824ae4 32
63093566621 444d53ba55949b66 32
63093595586 444d53ba55949b66 32
63096226897 1375a2c0fcbf07ad 32
63096257819 1375a2c0fcbf07ad 32
63098849495 47f08389c6d7cdc4 32
63098875760 47f08389c6d7cdc4 32
63101512394 f726cda0d3da0b81 32
63101547741 f726cda0d3da0b81 32
63104183495 beade7350db622f5 32
63104212977 beade7350db622f5 32
63106815961 019cb53ca89284d0 32
63106839072 019cb53ca89284d0 32
63109582224 06c3136fa77a1336 32
63109614453 06c3136fa77a1336 32
63112264711 9ff589c25e053a1f 32
63112293648 9ff589c25e053a1f 32
63114945904 30c27a0f7630c62b 32
63114973675 30c27a0f7630c62b 32
63117599048 e0af7fdf32d11146 32
63117620912 e0af7fdf32d11146 32
63120256669 98cdcc62f9e52219 32
63120282039 98cdcc62f9e52219 32
63122916101 962a9a34182a5953 32
63122953977 962a9a34182a5953 32
63125701936 4a45353fb94438ab 32
63125731114 4a45353fb94438ab 32
63128343506 0385beb53cd4aab3 32
63128363990 0385beb53cd4aab3 32
63131002032 1f84b7faffa6e625 32
63131030202 1f84b7faffa6e625 32
63133669665 2a978a84733a80e3 32
63133706702 2a978a84733a80e3 32
63136371391 5c94bf7db34d9d48 32
63136403946 5c94bf7db34d9d48 32
63139038099 3473584187534c24 32
63139072894 3473584187534c24 32
63141685401 a54624b4de53229e 32
63141705395 a54624b4de53229e 32
63144336379 0bc263458202b7dc 32
63144366909 0bc263458202b7dc 32
63147005713 40b2fdd72f532f7f 32
63147034440 40b2fdd72f532f7f 32
63149741765 6b285978c0299a7c 32
63149772836 6b285978c0299a7c 32
63152415928 f5d0a7ddb47d6623 32
63152446747 f5d0a7ddb47d6623 32
63155086097 880621adb8fc9d9b 32
63155120545 880621adb8fc9d9b 32
63157758078 75265d1cdf1ed843 32
63157790522 75265d1cdf1ed843 32
63160421847 c3590c88916182b1 32
63160458870 c3590c88916182b1 32
63163058152 604a5201a2e7bc82 32
63163084866 604a5201a2e7bc82 32
63165838847 1e2d56244e047c6d 32
63165871699 1e2d56244e047c6d 32
63168506453 24c62c1a75339717 32
63168532902 24c62c1a75339717 32
63171200995 a0c0a7677e2e902e 32
63171227584 a0c0a7677e2e902e 32
63173845903 6ad9e40d6b71e3c9 32
63173870750 6ad9e40d6b71e3c9 32
63176497030 98297a0872fcd605 32
63176521260 98297a0872fcd605 32
63179167119 ec4f837326e51b49 32
63179200267 ec4f837326e51b49 32
63181902133 d864b621b6e428db 32
63181937640 d864b621b6e428db 32
63184576526 5067ebf7790ad95b 32
63184612191 5067ebf7790ad95b 32
63187257395 758637000ccd9050 32
63187274926 758637000ccd9050 32
63189891237 f3414bb253d8e765 32
63189915399 f3414bb253d8e765 32
63192560622 e11c7896bc5bda0f 32
63192589016 e11c7896bc5bda0f 32
63195253095 8f2e982010536f77 32
63195286216 8f2e982010536f77 32
