86657949426 5e941811c61e8133 32
86657983368 5e941811c61e8133 32
86658063136 c2cd77229f2cc6d1 32
86658091065 c2cd77229f2cc6d1 32
86658186308 7d95c18bf10027ad 32
86658210298 7d95c18bf10027ad 32
86658292120 0d21f83ab07389c5 32
86658324457 0d21f83ab07389c5 32
86658435370 196a6075ce179e4c 32
86658467297 196a6075ce179e4c 32
86658573809 29661bdf35ef1812 32
86658619325 29661bdf35ef1812 32
86658710265 470d6d30388e7a76 32
86658739249 470d6d30388e7a76 32
86658809699 09775da8b19c69ec 32
86658828834 09775da8b19c69ec 32
86658925098 097312ddb22d7eea 32
86658947695 097312ddb22d7eea 32
86659025465 12cb472a31debec0 32
86659055408 12cb472a31debec0 32
86659154755 a182951eea38696a 32
86659180815 a182951eea38696a 32
86659257403 37dc4838c8da7a99 32
86659284021 37dc4838c8da7a99 32
86659353372 14649fefcf37b071 32
86659370251 14649fefcf37b071 32
86659432987 42f623b387363631 32
86659452187 42f623b387363631 32
86659564771 08ec84ce0747cfd5 32
86659594625 08ec84ce0747cfd5 32
86659682683 fed9bb8428aeec07 32
86659712951 fed9bb8428aeec07 32
86659797691 3385f969c5af8c66 32
86659828645 3385f969c5af8c66 32
86659938626 f61b44e069549cc4 32
86659968324 f61b44e069549cc4 32
86660069050 e95c697cbb231907 32
86660097660 e95c697cbb231907 32
86660202926 951a30d3a4738979 32
86660232269 951a30d3a4738979 32
86660310501 9265e6fc0a7ff277 32
86660338756 9265e6fc0a7ff277 32
86660411199 24d045fff3f9706e 32
86660430802 24d045fff3f9706e 32
86660514701 1b8ac252f049972e 32
86660536516 1b8ac252f049972e 32
86660651735 cb9a9faf79268799 32
86660678462 cb9a9faf79268799 32
86660761845 4019ec2dc1613387 32
86660785194 4019ec2dc1613387 32
86660862767 cade6202111717f6 32
86660886603 cade6202111717f6 32
86660967197 1b390ec3a077c4ad 32
86660990608 1b390ec3a077c4ad 32
86661094480 3eefbefaac972b9f 32
86661120631 3eefbefaac972b9f 32
86661194721 b0f05b581e020b20 32
86661214087 b0f05b581e020b20 32
86661287876 84d4411aea2a1c70 32
86661305882 84d4411aea2a1c70 32
86661417843 f240398a1d95e7b3 32
86661443013 f240398a1d95e7b3 32
86661537646 4ea0990cfe512b1a 32
86661566449 4ea0990cfe512b1a 32
86661672492 25df7eff0f7fb201 32
86661693886 25df7eff0f7fb201 32
86661794223 d3cc1090b6866d45 32
86661822744 d3cc1090b6866d45 32
86661896672 cfe0a38b2f88ba1e 32
86661937370 cfe0a38b2f88ba1e 32
86662007781 ff21db3c4c135e7d 32
86662033662 ff21db3c4c135e7d 32
86662112271 f91afbd13aa1704b 32
86662140974 f91afbd13aa1704b 32
86662218313 2d2c374a1593e7db 32
86662245469 2d2c374a1593e7db 32
86662355587 397ce2ed42539df4 32
86662385878 397ce2ed42539df4 32
86662498734 19bf580efaeeae61 32
86662531894 19bf580efaeeae61 32
86662630428 e7df1aac3f9d4547 32
86662656373 e7df1aac3f9d4547 32
86662754395 dd4599d9b2d1fa65 32
86662778070 dd4599d9b2d1fa65 32
86662850332 1a24ce725e2a9c58 32
86662871009 1a24ce725e2a9c58 32
86662970052 c6565975d85f7044 32
86662997473 c6565975d85f7044 32
86663117069 237e59d2d1be9a09 32
86663154584 237e59d2d1be9a09 32
86663276864 1d5720abb6821b0b 32
86663305773 1d5720abb6821b0b 32
86663382204 bfd039c1bc5b092c 32
86663409817 bfd039c1bc5b092c 32
86663496545 6b76948e4ce114ac 32
86663517442 6b76948e4ce114ac 32
86663590162 20239edddde32a09 32
86663609598 20239edddde32a09 32
86663713203 667a1b5d721537c2 32
86663733582 667a1b5d721537c2 32
86663812993 f2e80889a18e4a34 32
86663833188 f2e80889a18e4a34 32
86663893681 054835959fad6408 32
86663911516 054835959fad6408 32
86663978597 f9f9930ee3c6d1fc 32
86664004598 f9f9930ee3c6d1fc 32
86664107725 44622bc4ef9fc3e3 32
86664138080 44622bc4ef9fc3e3 32
86664207457 58ac6ac92b1c714a 32
86664226299 58ac6ac92b1c714a 32
86664290408 45e13f41c06c5bb8 32
86664314459 45e13f41c06c5bb8 32
86664427000 b5baf6dbbd619a49 32
86664454333 b5baf6dbbd619a49 32
86664546293 9fe501155b04b8cc 32
86664568305 9fe501155b04b8cc 32
86664643192 9e0b1e7f71a7dde6 32
86664665330 9e0b1e7f71a7dde6 32
86664765125 3ed01351fad980b4 32
86664798117 3ed01351fad980b4 32
86664906636 6cf186cfd115beb0 32
86664937416 6cf186cfd115beb0 32
86665062490 97601f80b525bf1d 32
86665092914 97601f80b525bf1d 32
86665181827 fc7bc2e637731a94 32
86665209456 fc7bc2e637731a94 32
86665285465 7edbca263b259f86 32
86665314666 7edbca263b259f86 32
86665394481 2c6524fcd84ef34e 32
86665418402 2c6524fcd84ef34e 32
86665526887 bbfc2d325f989e5d 32
86665558088 bbfc2d325f989e5d 32
86665669196 33d8779f1245dad8 32
86665696994 33d8779f1245dad8 32
86665777024 5c6e91a417957627 32
86665805733 5c6e91a417957627 32
86665919715 5452bcb5d698b60c 32
86665950275 5452bcb5d698b60c 32
86666034617 a3f4c0ca8ab2a541 32
86666064265 a3f4c0ca8ab2a541 32
86666140921 be8f2f8940b94fa5 32
86666163505 be8f2f8940b94fa5 32
86666231539 70865566f975feb5 32
86666251639 70865566f975feb5 32
86666328375 919687ffeefbd023 32
86666357578 919687ffeefbd023 32
86666433203 1bf69de292b754fc 32
86666461005 1bf69de292b754fc 32
86666538746 c1f5c4accfee14a8 32
86666566487 c1f5c4accfee14a8 32
86666676064 204ddedcddcac794 32
86666705318 204ddedcddcac794 32
86666790286 d5a6f9139cacf02c 32
86666830148 d5a6f9139cacf02c 32
86666957813 ea52b8da0c244674 32
86666990769 ea52b8da0c244674 32
86667074564 66eaadd36a60c220 32
86667100958 66eaadd36a60c220 32
86667185377 37888e0bd027b7ee 32
86667212828 37888e0bd027b7ee 32
86667289917 649fd7e52e3f2f83 32
86667313626 649fd7e52e3f2f83 32
86667394796 4b2fcb449b5fff3a 32
86667418882 4b2fcb449b5fff3a 32
86667499985 f3257a2dd7d11cea 32
86667525547 f3257a2dd7d11cea 32
86667606724 9507518989c8a7a9 32
86667629221 9507518989c8a7a9 32
86667708341 1aa0c9cef1247570 32
86667731332 1aa0c9cef1247570 32
86667838577 9148ca9bc2b4bfb7 32
86667863938 9148ca9bc2b4bfb7 32
86667973715 946277d58c3c5f8d 32
86667997138 946277d58c3c5f8d 32
86668082772 0a5ccc704557b029 32
86668105958 0a5ccc704557b029 32
86668186577 48496f84dfbfb444 32
86668210576 48496f84dfbfb444 32
86668285790 9d575820ebd6c5fc 32
86668305333 9d575820ebd6c5fc 32
86668380613 73520c4ab6f58736 32
86668402280 73520c4ab6f58736 32
86668516458 1a2cf2c426a4465b 32
86668542514 1a2cf2c426a4465b 32
86668646093 9c6cda7fd87a0bf9 32
86668666509 9c6cda7fd87a0bf9 32
86668746073 9b42d780bcd0edd6 32
86668764869 9b42d780bcd0edd6 32
86668829225 00a9c6ecfa375b13 32
86668845706 00a9c6ecfa375b13 32
86668956996 bebfb92df0ee508f 32
86668982055 bebfb92df0ee508f 32
86669078669 cf4cea3e6c81f3bc 32
86669101962 cf4cea3e6c81f3bc 32
86669182677 6de2014b7e6b9869 32
86669206000 6de2014b7e6b9869 32
86669295029 b7c498dd285731f8 32
86669318636 b7c498dd285731f8 32
86669396778 540e6421cc34ef7f 32
86669418633 540e6421cc34ef7f 32
